
C:\Projects\IntelliJ\urban-geo-pulse\basic-implementation\scripts\development>copy delete-from-agg_activity.sql "C:\Users\„‰Œ„ ‡‹Ž…\AppData\Local"\Temp\postgreSQL_nyc\urbangeopulse 
        1 file(s) copied.

C:\Projects\IntelliJ\urban-geo-pulse\basic-implementation\scripts\development>docker exec -i fb956c0875bade296bf4390932a4962d56bf1c4da293a7ad3baaedb3f348473a psql --dbname=nyc --file=/var/lib/postgresql/data/urbangeopulse/delete-from-agg_activity.sql --username=user --output=/var/lib/postgresql/data/urbangeopulse/init-sql.out 
        1 file(s) copied.

C:\Projects\IntelliJ\urban-geo-pulse\basic-implementation\services\receiver>time /T 
07:55 PM

C:\Projects\IntelliJ\urban-geo-pulse\basic-implementation\services\receiver>copy "NYC_people-geo-locations--all.csv" people-geo-locations.csv 
        1 file(s) copied.

C:\Projects\IntelliJ\urban-geo-pulse\basic-implementation\services\receiver>start /B java -Xms128M -jar target\receiver-1.0.jar  

C:\Projects\IntelliJ\urban-geo-pulse\basic-implementation\services\receiver>timeout /t 900  1>nul 

  .   ____          _            __ _ _
 /\\ / ___'_ __ _ _(_)_ __  __ _ \ \ \ \
( ( )\___ | '_ | '_| | '_ \/ _` | \ \ \ \
 \\/  ___)| |_)| | | | | || (_| |  ) ) ) )
  '  |____| .__|_| |_|_| |_\__, | / / / /
 =========|_|==============|___/=/_/_/_/
 :: Spring Boot ::                (v2.4.5)

2025-02-26 19:55:47.976  INFO 18408 --- [           main] com.urbangeopulse.receiver.Application   : Starting Application v1.0 using Java 21.0.6 on ANAT-WIN10 with PID 18408 (C:\Projects\IntelliJ\urban-geo-pulse\basic-implementation\services\receiver\target\receiver-1.0.jar started by ×”×™×œ×” ×—×›×ž×•×Ÿ in C:\Projects\IntelliJ\urban-geo-pulse\basic-implementation\services\receiver)
2025-02-26 19:55:47.981  INFO 18408 --- [           main] com.urbangeopulse.receiver.Application   : No active profile set, falling back to default profiles: default
2025-02-26 19:55:53.096  INFO 18408 --- [           main] c.u.r.services.SimulatorDataService      : Creating output topic 'people_geo_locations' with 20 partitions, if it does not exist yet. . ...
2025-02-26 19:55:54.109  INFO 18408 --- [           main] c.u.r.services.SimulatorDataService      : 1 ITERATIONS_TO_SIMULATE_FROM_BACKUP from 'people-geo-locations.csv', with THROTTLE_PRODUCING_THROUGHPUT 1000
2025-02-26 19:56:03.434  INFO 18408 --- [           main] c.u.r.services.SimulatorDataService      : Throttle: 10,000 messages produced to topic people_geo_locations, delay 968 ms for the recent 1,000 messages.
2025-02-26 19:56:13.592  INFO 18408 --- [           main] c.u.r.services.SimulatorDataService      : Throttle: 20,000 messages produced to topic people_geo_locations, delay 984 ms for the recent 1,000 messages.
2025-02-26 19:56:23.700  INFO 18408 --- [           main] c.u.r.services.SimulatorDataService      : Throttle: 30,000 messages produced to topic people_geo_locations, delay 978 ms for the recent 1,000 messages.
2025-02-26 19:56:33.786  INFO 18408 --- [           main] c.u.r.services.SimulatorDataService      : Throttle: 40,000 messages produced to topic people_geo_locations, delay 992 ms for the recent 1,000 messages.
2025-02-26 19:56:43.948  INFO 18408 --- [           main] c.u.r.services.SimulatorDataService      : Throttle: 50,000 messages produced to topic people_geo_locations, delay 993 ms for the recent 1,000 messages.
2025-02-26 19:56:54.052  INFO 18408 --- [           main] c.u.r.services.SimulatorDataService      : Throttle: 60,000 messages produced to topic people_geo_locations, delay 986 ms for the recent 1,000 messages.
2025-02-26 19:57:04.108  INFO 18408 --- [           main] c.u.r.services.SimulatorDataService      : Throttle: 70,000 messages produced to topic people_geo_locations, delay 993 ms for the recent 1,000 messages.
2025-02-26 19:57:14.134  INFO 18408 --- [           main] c.u.r.services.SimulatorDataService      : Throttle: 80,000 messages produced to topic people_geo_locations, delay 995 ms for the recent 1,000 messages.
2025-02-26 19:57:24.184  INFO 18408 --- [           main] c.u.r.services.SimulatorDataService      : Throttle: 90,000 messages produced to topic people_geo_locations, delay 987 ms for the recent 1,000 messages.
2025-02-26 19:57:34.214  INFO 18408 --- [           main] c.u.r.services.SimulatorDataService      : Throttle: 100,000 messages produced to topic people_geo_locations, delay 988 ms for the recent 1,000 messages.
2025-02-26 19:57:44.247  INFO 18408 --- [           main] c.u.r.services.SimulatorDataService      : Throttle: 110,000 messages produced to topic people_geo_locations, delay 983 ms for the recent 1,000 messages.
2025-02-26 19:57:56.861  INFO 18408 --- [           main] c.u.r.controllers.ExecutionTimeAspect    : Staring to execute .. void com.urbangeopulse.receiver.controllers.SimulatorController.onApplicationReady(ContextRefreshedEvent)
	with parameters: [org.springframework.context.event.ContextRefreshedEvent[source=org.springframework.boot.web.servlet.context.AnnotationConfigServletWebServerApplicationContext@67e2d983, started on Wed Feb 26 19:55:48 IST 2025]].
2025-02-26 19:57:56.862  INFO 18408 --- [           main] c.u.r.controllers.ExecutionTimeAspect    : Completed in 0 ms (== 0.0 minutes) : void com.urbangeopulse.receiver.controllers.SimulatorController.onApplicationReady(ContextRefreshedEvent)
	with parameters: [org.springframework.context.event.ContextRefreshedEvent[source=org.springframework.boot.web.servlet.context.AnnotationConfigServletWebServerApplicationContext@67e2d983, started on Wed Feb 26 19:55:48 IST 2025]].
2025-02-26 19:57:56.886  INFO 18408 --- [           main] com.urbangeopulse.receiver.Application   : Started Application in 131.484 seconds (JVM running for 132.654)
Terminate batch job (Y/N)? 