
C:\Projects\IntelliJ\urban-geo-pulse\basic-implementation\services\mobilization-classifier>set MOBILIZATION_CLASSIFIER_AUTO_OFFSET_RESET_CONFIG=earliest 

C:\Projects\IntelliJ\urban-geo-pulse\basic-implementation\services\mobilization-classifier>set MOBILIZATION_CLASSIFIER_SESSION_TIMEOUT_SECONDS_CONFIG=120 

C:\Projects\IntelliJ\urban-geo-pulse\basic-implementation\services\mobilization-classifier>set MOBILIZATION_CLASSIFIER_CONSUMER_THREADS_COUNT=5 

C:\Projects\IntelliJ\urban-geo-pulse\basic-implementation\services\mobilization-classifier>set PEDESTRIANS_GEO_LOCATIONS_TOPIC_NAME=pedestrians_geo_locations 

C:\Projects\IntelliJ\urban-geo-pulse\basic-implementation\services\mobilization-classifier>set MOBILIZED_GEO_LOCATIONS_TOPIC_NAME=mobilized_geo_locations 

C:\Projects\IntelliJ\urban-geo-pulse\basic-implementation\services\mobilization-classifier>for /L %i in (1 1 1) do start /B  java -Xms128M -jar target\mobilization-classifier-1.0.jar  

C:\Projects\IntelliJ\urban-geo-pulse\basic-implementation\services\mobilization-classifier>start /B  java -Xms128M -jar target\mobilization-classifier-1.0.jar  

C:\Projects\IntelliJ\urban-geo-pulse\basic-implementation\services\mobilization-classifier>
  .   ____          _            __ _ _
 /\\ / ___'_ __ _ _(_)_ __  __ _ \ \ \ \
( ( )\___ | '_ | '_| | '_ \/ _` | \ \ \ \
 \\/  ___)| |_)| | | | | || (_| |  ) ) ) )
  '  |____| .__|_| |_|_| |_\__, | / / / /
 =========|_|==============|___/=/_/_/_/
 :: Spring Boot ::                (v2.4.5)

2025-02-26 12:37:06.021  INFO 23228 --- [           main] c.urbangeopulse.classifier.Application   : Starting Application v1.0 using Java 21.0.6 on ANAT-WIN10 with PID 23228 (C:\Projects\IntelliJ\urban-geo-pulse\basic-implementation\services\mobilization-classifier\target\mobilization-classifier-1.0.jar started by הילה חכמון in C:\Projects\IntelliJ\urban-geo-pulse\basic-implementation\services\mobilization-classifier)
2025-02-26 12:37:06.024  INFO 23228 --- [           main] c.urbangeopulse.classifier.Application   : No active profile set, falling back to default profiles: default
2025-02-26 12:37:08.747  INFO 23228 --- [           main] c.u.classifier.MobilizationClassifier    : Started  5 consumer threads from topic 'people_geo_locations' to topics 'pedestrians_geo_locations' and 'mobilized_geo_locations'.
2025-02-26 12:37:09.008  INFO 23228 --- [           main] c.urbangeopulse.classifier.Application   : Started Application in 4.139 seconds (JVM running for 4.977)
2025-02-26 12:37:33.646  INFO 23228 --- [pool-1-thread-5] c.u.classifier.MobilizationClassifier    : 10,000 records consumed from topic 'people_geo_locations'.
2025-02-26 12:37:42.219  INFO 23228 --- [pool-1-thread-3] c.u.classifier.MobilizationClassifier    : 20,000 records consumed from topic 'people_geo_locations'.
2025-02-26 12:37:55.842  INFO 23228 --- [pool-1-thread-3] c.u.classifier.MobilizationClassifier    : 30,000 records consumed from topic 'people_geo_locations'.
2025-02-26 12:38:04.499  INFO 23228 --- [pool-1-thread-1] c.u.classifier.MobilizationClassifier    : 40,000 records consumed from topic 'people_geo_locations'.
2025-02-26 12:38:13.189  INFO 23228 --- [pool-1-thread-5] c.u.classifier.MobilizationClassifier    : 50,000 records consumed from topic 'people_geo_locations'.
2025-02-26 12:38:20.933  INFO 23228 --- [pool-1-thread-3] c.u.classifier.MobilizationClassifier    : 60,000 records consumed from topic 'people_geo_locations'.
2025-02-26 12:38:28.671  INFO 23228 --- [pool-1-thread-2] c.u.classifier.MobilizationClassifier    : 70,000 records consumed from topic 'people_geo_locations'.
2025-02-26 12:38:37.454  INFO 23228 --- [pool-1-thread-5] c.u.classifier.MobilizationClassifier    : 80,000 records consumed from topic 'people_geo_locations'.
2025-02-26 12:38:47.388  INFO 23228 --- [pool-1-thread-3] c.u.classifier.MobilizationClassifier    : 90,000 records consumed from topic 'people_geo_locations'.
2025-02-26 12:38:57.695  INFO 23228 --- [pool-1-thread-2] c.u.classifier.MobilizationClassifier    : 100,000 records consumed from topic 'people_geo_locations'.
2025-02-26 12:39:07.594  INFO 23228 --- [pool-1-thread-3] c.u.classifier.MobilizationClassifier    : 110,000 records consumed from topic 'people_geo_locations'.
