
C:\Projects\IntelliJ\urban-geo-pulse\basic-implementation\scripts\development>copy delete-from-agg_activity.sql "C:\Users\„‰Œ„ ‡‹Ž…\AppData\Local"\Temp\postgreSQL_nyc\urbangeopulse 
        1 file(s) copied.

C:\Projects\IntelliJ\urban-geo-pulse\basic-implementation\scripts\development>docker exec -i fb956c0875bade296bf4390932a4962d56bf1c4da293a7ad3baaedb3f348473a psql --dbname=nyc --file=/var/lib/postgresql/data/urbangeopulse/delete-from-agg_activity.sql --username=user --output=/var/lib/postgresql/data/urbangeopulse/init-sql.out 
        1 file(s) copied.

C:\Projects\IntelliJ\urban-geo-pulse\basic-implementation\services\receiver>time /T 
07:40 PM

C:\Projects\IntelliJ\urban-geo-pulse\basic-implementation\services\receiver>copy "NYC_people-geo-locations--all.csv" people-geo-locations.csv 
        1 file(s) copied.

C:\Projects\IntelliJ\urban-geo-pulse\basic-implementation\services\receiver>start /B java -Xms128M -jar target\receiver-1.0.jar  

C:\Projects\IntelliJ\urban-geo-pulse\basic-implementation\services\receiver>timeout /t 900  1>nul 

  .   ____          _            __ _ _
 /\\ / ___'_ __ _ _(_)_ __  __ _ \ \ \ \
( ( )\___ | '_ | '_| | '_ \/ _` | \ \ \ \
 \\/  ___)| |_)| | | | | || (_| |  ) ) ) )
  '  |____| .__|_| |_|_| |_\__, | / / / /
 =========|_|==============|___/=/_/_/_/
 :: Spring Boot ::                (v2.4.5)

2025-02-26 19:40:51.977  INFO 15656 --- [           main] com.urbangeopulse.receiver.Application   : Starting Application v1.0 using Java 21.0.6 on ANAT-WIN10 with PID 15656 (C:\Projects\IntelliJ\urban-geo-pulse\basic-implementation\services\receiver\target\receiver-1.0.jar started by ×”×™×œ×” ×—×›×ž×•×Ÿ in C:\Projects\IntelliJ\urban-geo-pulse\basic-implementation\services\receiver)
2025-02-26 19:40:51.981  INFO 15656 --- [           main] com.urbangeopulse.receiver.Application   : No active profile set, falling back to default profiles: default
2025-02-26 19:40:56.381  INFO 15656 --- [           main] c.u.r.services.SimulatorDataService      : Creating output topic 'people_geo_locations' with 20 partitions, if it does not exist yet. . ...
2025-02-26 19:40:57.336  INFO 15656 --- [           main] c.u.r.services.SimulatorDataService      : 1 ITERATIONS_TO_SIMULATE_FROM_BACKUP from 'people-geo-locations.csv', with THROTTLE_PRODUCING_THROUGHPUT 1500
2025-02-26 19:41:03.642  INFO 15656 --- [           main] c.u.r.services.SimulatorDataService      : Throttle: 10,000 messages produced to topic people_geo_locations, delay 646 ms for the recent 1,000 messages.
2025-02-26 19:41:10.431  INFO 15656 --- [           main] c.u.r.services.SimulatorDataService      : Throttle: 20,000 messages produced to topic people_geo_locations, delay 629 ms for the recent 1,000 messages.
2025-02-26 19:41:17.252  INFO 15656 --- [           main] c.u.r.services.SimulatorDataService      : Throttle: 30,000 messages produced to topic people_geo_locations, delay 648 ms for the recent 1,000 messages.
2025-02-26 19:41:23.992  INFO 15656 --- [           main] c.u.r.services.SimulatorDataService      : Throttle: 40,000 messages produced to topic people_geo_locations, delay 647 ms for the recent 1,000 messages.
2025-02-26 19:41:30.901  INFO 15656 --- [           main] c.u.r.services.SimulatorDataService      : Throttle: 50,000 messages produced to topic people_geo_locations, delay 647 ms for the recent 1,000 messages.
2025-02-26 19:41:37.623  INFO 15656 --- [           main] c.u.r.services.SimulatorDataService      : Throttle: 60,000 messages produced to topic people_geo_locations, delay 658 ms for the recent 1,000 messages.
2025-02-26 19:41:44.319  INFO 15656 --- [           main] c.u.r.services.SimulatorDataService      : Throttle: 70,000 messages produced to topic people_geo_locations, delay 656 ms for the recent 1,000 messages.
2025-02-26 19:41:51.267  INFO 15656 --- [           main] c.u.r.services.SimulatorDataService      : Throttle: 80,000 messages produced to topic people_geo_locations, delay 654 ms for the recent 1,000 messages.
2025-02-26 19:41:58.020  INFO 15656 --- [           main] c.u.r.services.SimulatorDataService      : Throttle: 90,000 messages produced to topic people_geo_locations, delay 649 ms for the recent 1,000 messages.
2025-02-26 19:42:04.764  INFO 15656 --- [           main] c.u.r.services.SimulatorDataService      : Throttle: 100,000 messages produced to topic people_geo_locations, delay 661 ms for the recent 1,000 messages.
2025-02-26 19:42:11.472  INFO 15656 --- [           main] c.u.r.services.SimulatorDataService      : Throttle: 110,000 messages produced to topic people_geo_locations, delay 653 ms for the recent 1,000 messages.
2025-02-26 19:42:21.494  INFO 15656 --- [           main] c.u.r.controllers.ExecutionTimeAspect    : Staring to execute .. void com.urbangeopulse.receiver.controllers.SimulatorController.onApplicationReady(ContextRefreshedEvent)
	with parameters: [org.springframework.context.event.ContextRefreshedEvent[source=org.springframework.boot.web.servlet.context.AnnotationConfigServletWebServerApplicationContext@67e2d983, started on Wed Feb 26 19:40:52 IST 2025]].
2025-02-26 19:42:21.495  INFO 15656 --- [           main] c.u.r.controllers.ExecutionTimeAspect    : Completed in 0 ms (== 0.0 minutes) : void com.urbangeopulse.receiver.controllers.SimulatorController.onApplicationReady(ContextRefreshedEvent)
	with parameters: [org.springframework.context.event.ContextRefreshedEvent[source=org.springframework.boot.web.servlet.context.AnnotationConfigServletWebServerApplicationContext@67e2d983, started on Wed Feb 26 19:40:52 IST 2025]].
2025-02-26 19:42:21.509  INFO 15656 --- [           main] com.urbangeopulse.receiver.Application   : Started Application in 91.327 seconds (JVM running for 92.472)
Terminate batch job (Y/N)? 